
ROM used: 4342 (13%)
          4342 (13%) including unused fragments

          1 Average locations per line
          4 Average locations per statement

RAM used: 1171 (57%) at main() level
          1199 (59%) worst case

Stack used: 12 worst case (out of 31 total available)

Lines Stmts  %   Files
----- ----- ---  -----
  107    71   6  base.c
   77    14   1  base_complemento.h
  372     0   0  C:\Program Files (x86)\PICC\devices\18f2550.h
  409     0   0  C:\Program Files (x86)\PICC\drivers\string.h
   28     0   0  C:\Program Files (x86)\PICC\drivers\stddef.h
   28    85   7  C:\Program Files (x86)\PICC\drivers\ctype.h
  459   114  10  archivos\usb_cdc.h
 1323   321  27  C:\Program Files (x86)\PICC\drivers\pic18_usb.h
  828     0   0  C:\Program Files (x86)\PICC\drivers\usb.h
  213     0   0  archivos\USB_Cdc_base.h
  912   229  19  C:\Program Files (x86)\PICC\drivers\usb.c
 1273   359  30  C:\Program Files (x86)\PICC\drivers\stdlib.h
----- -----
 6029  1193 Total

Page ROM  %  RAM   Vol Diff  Functions:
---- --- --- ---   --- ----  ----------
0     40   0   1             @delay_ms1
0      8   0   0             @PUTCHARI_BIU_1
0     32   0   0             @const253
0     32   0   0             @const255
0     48   1   0             @const257
0     66   1   0             @const259
0     40   0   1   149  2.6  usb_detach
0     34   0   0   138  2.1  usb_attach
0     34   0   1   346  4.6  usb_task
0     14   0   0    61  2.5  usb_init
0    222   3   7  1224  5.9  usb_flush_in
0    168   2  14   584  7.5  usb_put_packet
0    230   3   7   940  5.4  usb_flush_out
0     40   0   1    52  2.1  usb_rx_packet_size
0     68   1   4   235  4.5  usb_stall_ep
0     66   1   4   242  4.6  usb_unstall_ep
0     84   1   3   343  5.8  usb_endpoint_stalled
0     22   0   1    88  2.7  usb_set_address
0    402   5  10  1575  8.9  usb_set_configured
0    106   1   0   448  3.7  usb_isr
0      6   0   0    25  1.2  usb_isr_sof
0     44   1   3   142  3.9  usb_disable_endpoints
0     42   0   0   318  4.6  usb_isr_rst
0     30   0   0   343  3.1  usb_init_ep0_setup
0      8   0   0    47  1.5  usb_isr_uerr
0     10   0   0    54  1.5  usb_isr_uidle
0     10   0   0    54  1.5  usb_isr_activity
0     14   0   0   147  3.4  usb_isr_stall
0    202   2   2  1217  7.3  usb_isr_tok_dne
0      6   0   1    25  1.6  usb_request_send_response
0      6   0   0    22  1.2  usb_request_get_data
0      6   0   0    25  0.8  usb_request_stall
0     84   1   0             @const380
0     18   0   0             @const382
0     34   0   0             @const388
0     66   1   0             @const391
0     40   0   3   239  4.0  usb_token_reset
0     78   1   4   201  4.9  usb_endpoint_is_valid
0     34   0   1   204  3.1  usb_isr_tok_in_dne
0     50   1   1   152  3.0  usb_isr_tok_out_dne
0     42   0   0   310  5.4  usb_isr_tok_setup_dne
0    162   2   0  1131  8.2  usb_isr_tkn_setup_StandardDevice
0    150   2   3   691  7.7  usb_isr_tkn_setup_StandardInterface
0     96   1   0   519  5.2  usb_isr_tkn_setup_StandardEndpoint
0    118   1   1   618  7.2  usb_Get_Descriptor
0     14   0   0    76  1.8  usb_finish_set_address
0    132   2   5   554  8.5  usb_copy_desc_seg_to_ep
0     92   1   0   364  5.6  usb_isr_tok_out_cdc_control_dne
0    162   2   0   840  7.7  usb_isr_tkn_cdc
0     18   0   0   112  2.2  usb_isr_tok_out_cdc_data_dne
0     14   0   0    59  2.1  usb_isr_tok_in_cdc_data_dne
0     32   0   0   106  2.5  usb_cdc_flush_out_buffer
0     36   0   0   280  2.3  usb_cdc_init
0     60   1   2   251  5.9  usb_cdc_getc
0     54   1   5   223  4.1  usb_cdc_putc_fast
0     24   0   1    96  2.5  usb_cdc_putc
0     28   0   1   110  2.6  interrupt
0     28   0   3   209  3.5  manage_conection
0    370   4   2  2226  8.3  MAIN

Program metrics:
    Functions               49
    Statements              1193
    Comments                2650
    Volume (V)              34802
    Difficilty (D)          208.3
    Effort to implement (E) 7249988
    Time to implement (T)   111 hours, 53 minutes
    Est Delivered Bugs (B)  12
    Cyclomatic Complexity   135
    Maintainability (MI)    38

 Segment     Used  Free
-----------  ----  ----
00000-00002     4  0  
00004-00006     0  4  
00008-000A8   162  0  
000AA-07FFE  4176  28422  



